# JRE version: OpenJDK Runtime Environment Temurin-21.0.8+9 (21.0.8+9) (build 21.0.8+9-LTS)
# Java VM: OpenJDK 64-Bit Server VM Temurin-21.0.8+9 (21.0.8+9-LTS, mixed mode, sharing, tiered, compressed oops, compressed class ptrs, parallel gc, windows-amd64)
GC Precious Log:
 CardTable entry size: 512
 CPUs: 16 total, 16 available
 Memory: 7514M
 Large Page Support: Disabled
 NUMA Support: Disabled
 Compressed Oops: Enabled (32-bit)
 Alignments: Space 512K, Generation 512K, Heap 2M
 Heap Min Capacity: 100M
 Heap Initial Capacity: 100M
 Heap Max Capacity: 2G
 Pre-touch: Disabled
 Parallel Workers: 13
Heap:
 PSYoungGen      total 3072K, used 1067K [0x00000000d5580000, 0x00000000d5e80000, 0x0000000100000000)
  eden space 2560K, 22% used [0x00000000d5580000,0x00000000d560ee30,0x00000000d5800000)
  from space 512K, 96% used [0x00000000d5e00000,0x00000000d5e7c010,0x00000000d5e80000)
  to   space 1024K, 0% used [0x00000000d5c80000,0x00000000d5c80000,0x00000000d5d80000)
 ParOldGen       total 1388032K, used 1388024K [0x0000000080000000, 0x00000000d4b80000, 0x00000000d5580000)
  object space 1388032K, 99% used [0x0000000080000000,0x00000000d4b7e0c8,0x00000000d4b80000)
 Metaspace       used 93765K, committed 95936K, reserved 1179648K
  class space    used 9219K, committed 10368K, reserved 1048576K
GC Heap History (20 events):
Event: 15210.964 GC heap before
{Heap before GC invocations=5828 (full 8):
 PSYoungGen      total 9728K, used 9341K [0x00000000d5580000, 0x00000000d6600000, 0x0000000100000000)
  eden space 5120K, 100% used [0x00000000d5580000,0x00000000d5a80000,0x00000000d5a80000)
  from space 4608K, 91% used [0x00000000d6180000,0x00000000d659f6c0,0x00000000d6600000)
  to   space 5120K, 0% used [0x00000000d5c00000,0x00000000d5c00000,0x00000000d6100000)
 ParOldGen       total 1325568K, used 1325391K [0x0000000080000000, 0x00000000d0e80000, 0x00000000d5580000)
  object space 1325568K, 99% used [0x0000000080000000,0x00000000d0e53ee0,0x00000000d0e80000)
 Metaspace       used 93757K, committed 95936K, reserved 1179648K
  class space    used 9219K, committed 10368K, reserved 1048576K
}
Event: 15210.977 GC heap after
{Heap after GC invocations=5828 (full 8):
 PSYoungGen      total 11264K, used 5120K [0x00000000d5580000, 0x00000000d6f80000, 0x0000000100000000)
  eden space 6144K, 0% used [0x00000000d5580000,0x00000000d5580000,0x00000000d5b80000)
  from space 5120K, 100% used [0x00000000d5c00000,0x00000000d6100000,0x00000000d6100000)
  to   space 10240K, 0% used [0x00000000d6580000,0x00000000d6580000,0x00000000d6f80000)
 ParOldGen       total 1329664K, used 1329573K [0x0000000080000000, 0x00000000d1280000, 0x00000000d5580000)
  object space 1329664K, 99% used [0x0000000080000000,0x00000000d12695c0,0x00000000d1280000)
 Metaspace       used 93757K, committed 95936K, reserved 1179648K
  class space    used 9219K, committed 10368K, reserved 1048576K
}
Event: 15211.008 GC heap before
{Heap before GC invocations=5829 (full 8):
 PSYoungGen      total 11264K, used 10971K [0x00000000d5580000, 0x00000000d6f80000, 0x0000000100000000)
  eden space 6144K, 95% used [0x00000000d5580000,0x00000000d5b36f88,0x00000000d5b80000)
  from space 5120K, 100% used [0x00000000d5c00000,0x00000000d6100000,0x00000000d6100000)
  to   space 10240K, 0% used [0x00000000d6580000,0x00000000d6580000,0x00000000d6f80000)
 ParOldGen       total 1329664K, used 1329573K [0x0000000080000000, 0x00000000d1280000, 0x00000000d5580000)
  object space 1329664K, 99% used [0x0000000080000000,0x00000000d12695c0,0x00000000d1280000)
 Metaspace       used 93757K, committed 95936K, reserved 1179648K
  class space    used 9219K, committed 10368K, reserved 1048576K
}
Event: 15211.019 GC heap after
{Heap after GC invocations=5829 (full 8):
 PSYoungGen      total 13312K, used 5312K [0x00000000d5580000, 0x00000000d6b00000, 0x0000000100000000)
  eden space 7680K, 0% used [0x00000000d5580000,0x00000000d5580000,0x00000000d5d00000)
  from space 5632K, 94% used [0x00000000d6580000,0x00000000d6ab0000,0x00000000d6b00000)
  to   space 7168K, 0% used [0x00000000d5d00000,0x00000000d5d00000,0x00000000d6400000)
 ParOldGen       total 1334784K, used 1334701K [0x0000000080000000, 0x00000000d1780000, 0x00000000d5580000)
  object space 1334784K, 99% used [0x0000000080000000,0x00000000d176b5c0,0x00000000d1780000)
 Metaspace       used 93757K, committed 95936K, reserved 1179648K
  class space    used 9219K, committed 10368K, reserved 1048576K
}
Event: 15211.450 GC heap before
{Heap before GC invocations=5830 (full 8):
 PSYoungGen      total 13312K, used 12992K [0x00000000d5580000, 0x00000000d6b00000, 0x0000000100000000)
  eden space 7680K, 100% used [0x00000000d5580000,0x00000000d5d00000,0x00000000d5d00000)
  from space 5632K, 94% used [0x00000000d6580000,0x00000000d6ab0000,0x00000000d6b00000)
  to   space 7168K, 0% used [0x00000000d5d00000,0x00000000d5d00000,0x00000000d6400000)
 ParOldGen       total 1334784K, used 1334701K [0x0000000080000000, 0x00000000d1780000, 0x00000000d5580000)
  object space 1334784K, 99% used [0x0000000080000000,0x00000000d176b5c0,0x00000000d1780000)
 Metaspace       used 93757K, committed 95936K, reserved 1179648K
  class space    used 9219K, committed 10368K, reserved 1048576K
}
Event: 15211.465 GC heap after
{Heap after GC invocations=5830 (full 8):
 PSYoungGen      total 14848K, used 6434K [0x00000000d5580000, 0x00000000d6c80000, 0x0000000100000000)
  eden space 7680K, 0% used [0x00000000d5580000,0x00000000d5580000,0x00000000d5d00000)
  from space 7168K, 89% used [0x00000000d5d00000,0x00000000d6348990,0x00000000d6400000)
  to   space 7168K, 0% used [0x00000000d6580000,0x00000000d6580000,0x00000000d6c80000)
 ParOldGen       total 1339392K, used 1338957K [0x0000000080000000, 0x00000000d1c00000, 0x00000000d5580000)
  object space 1339392K, 99% used [0x0000000080000000,0x00000000d1b935c0,0x00000000d1c00000)
 Metaspace       used 93757K, committed 95936K, reserved 1179648K
  class space    used 9219K, committed 10368K, reserved 1048576K
}
Event: 15211.701 GC heap before
{Heap before GC invocations=5831 (full 8):
 PSYoungGen      total 14848K, used 14064K [0x00000000d5580000, 0x00000000d6c80000, 0x0000000100000000)
  eden space 7680K, 99% used [0x00000000d5580000,0x00000000d5cf3710,0x00000000d5d00000)
  from space 7168K, 89% used [0x00000000d5d00000,0x00000000d6348990,0x00000000d6400000)
  to   space 7168K, 0% used [0x00000000d6580000,0x00000000d6580000,0x00000000d6c80000)
 ParOldGen       total 1339392K, used 1338957K [0x0000000080000000, 0x00000000d1c00000, 0x00000000d5580000)
  object space 1339392K, 99% used [0x0000000080000000,0x00000000d1b935c0,0x00000000d1c00000)
 Metaspace       used 93757K, committed 95936K, reserved 1179648K
  class space    used 9219K, committed 10368K, reserved 1048576K
}
Event: 15211.719 GC heap after
{Heap after GC invocations=5831 (full 8):
 PSYoungGen      total 14848K, used 5212K [0x00000000d5580000, 0x00000000d6b00000, 0x0000000100000000)
  eden space 9216K, 0% used [0x00000000d5580000,0x00000000d5580000,0x00000000d5e80000)
  from space 5632K, 92% used [0x00000000d6580000,0x00000000d6a97270,0x00000000d6b00000)
  to   space 6144K, 0% used [0x00000000d5f00000,0x00000000d5f00000,0x00000000d6500000)
 ParOldGen       total 1345536K, used 1345214K [0x0000000080000000, 0x00000000d2200000, 0x00000000d5580000)
  object space 1345536K, 99% used [0x0000000080000000,0x00000000d21af818,0x00000000d2200000)
 Metaspace       used 93757K, committed 95936K, reserved 1179648K
  class space    used 9219K, committed 10368K, reserved 1048576K
}
Event: 15212.490 GC heap before
{Heap before GC invocations=5832 (full 8):
 PSYoungGen      total 14848K, used 14428K [0x00000000d5580000, 0x00000000d6b00000, 0x0000000100000000)
  eden space 9216K, 100% used [0x00000000d5580000,0x00000000d5e80000,0x00000000d5e80000)
  from space 5632K, 92% used [0x00000000d6580000,0x00000000d6a97270,0x00000000d6b00000)
  to   space 6144K, 0% used [0x00000000d5f00000,0x00000000d5f00000,0x00000000d6500000)
 ParOldGen       total 1345536K, used 1345214K [0x0000000080000000, 0x00000000d2200000, 0x00000000d5580000)
  object space 1345536K, 99% used [0x0000000080000000,0x00000000d21af818,0x00000000d2200000)
 Metaspace       used 93762K, committed 95936K, reserved 1179648K
  class space    used 9219K, committed 10368K, reserved 1048576K
}
Event: 15212.504 GC heap after
{Heap after GC invocations=5832 (full 8):
 PSYoungGen      total 11776K, used 2455K [0x00000000d5580000, 0x00000000d6600000, 0x0000000100000000)
  eden space 9216K, 0% used [0x00000000d5580000,0x00000000d5580000,0x00000000d5e80000)
  from space 2560K, 95% used [0x00000000d5f00000,0x00000000d6165f10,0x00000000d6180000)
  to   space 3584K, 0% used [0x00000000d6280000,0x00000000d6280000,0x00000000d6600000)
 ParOldGen       total 1347072K, used 1346638K [0x0000000080000000, 0x00000000d2380000, 0x00000000d5580000)
  object space 1347072K, 99% used [0x0000000080000000,0x00000000d2313828,0x00000000d2380000)
 Metaspace       used 93762K, committed 95936K, reserved 1179648K
  class space    used 9219K, committed 10368K, reserved 1048576K
}
Event: 15212.569 GC heap before
{Heap before GC invocations=5833 (full 8):
 PSYoungGen      total 11776K, used 11671K [0x00000000d5580000, 0x00000000d6600000, 0x0000000100000000)
  eden space 9216K, 100% used [0x00000000d5580000,0x00000000d5e80000,0x00000000d5e80000)
  from space 2560K, 95% used [0x00000000d5f00000,0x00000000d6165f10,0x00000000d6180000)
  to   space 3584K, 0% used [0x00000000d6280000,0x00000000d6280000,0x00000000d6600000)
 ParOldGen       total 1347072K, used 1346638K [0x0000000080000000, 0x00000000d2380000, 0x00000000d5580000)
  object space 1347072K, 99% used [0x0000000080000000,0x00000000d2313828,0x00000000d2380000)
 Metaspace       used 93762K, committed 95936K, reserved 1179648K
  class space    used 9219K, committed 10368K, reserved 1048576K
}
Event: 15212.579 GC heap after
{Heap after GC invocations=5833 (full 8):
 PSYoungGen      total 5632K, used 3572K [0x00000000d5580000, 0x00000000d7480000, 0x0000000100000000)
  eden space 2048K, 0% used [0x00000000d5580000,0x00000000d5580000,0x00000000d5780000)
  from space 3584K, 99% used [0x00000000d6280000,0x00000000d65fd060,0x00000000d6600000)
  to   space 11264K, 0% used [0x00000000d5780000,0x00000000d5780000,0x00000000d6280000)
 ParOldGen       total 1352704K, used 1352663K [0x0000000080000000, 0x00000000d2900000, 0x00000000d5580000)
  object space 1352704K, 99% used [0x0000000080000000,0x00000000d28f5f08,0x00000000d2900000)
 Metaspace       used 93762K, committed 95936K, reserved 1179648K
  class space    used 9219K, committed 10368K, reserved 1048576K
}
Event: 15212.586 GC heap before
{Heap before GC invocations=5834 (full 8):
 PSYoungGen      total 5632K, used 5620K [0x00000000d5580000, 0x00000000d7480000, 0x0000000100000000)
  eden space 2048K, 99% used [0x00000000d5580000,0x00000000d577ffe0,0x00000000d5780000)
  from space 3584K, 99% used [0x00000000d6280000,0x00000000d65fd060,0x00000000d6600000)
  to   space 11264K, 0% used [0x00000000d5780000,0x00000000d5780000,0x00000000d6280000)
 ParOldGen       total 1352704K, used 1352663K [0x0000000080000000, 0x00000000d2900000, 0x00000000d5580000)
  object space 1352704K, 99% used [0x0000000080000000,0x00000000d28f5f08,0x00000000d2900000)
 Metaspace       used 93762K, committed 95936K, reserved 1179648K
  class space    used 9219K, committed 10368K, reserved 1048576K
}
Event: 15212.595 GC heap after
{Heap after GC invocations=5834 (full 8):
 PSYoungGen      total 4096K, used 1685K [0x00000000d5580000, 0x00000000d6300000, 0x0000000100000000)
  eden space 2048K, 0% used [0x00000000d5580000,0x00000000d5580000,0x00000000d5780000)
  from space 2048K, 82% used [0x00000000d5780000,0x00000000d5925598,0x00000000d5980000)
  to   space 4608K, 0% used [0x00000000d5e80000,0x00000000d5e80000,0x00000000d6300000)
 ParOldGen       total 1356288K, used 1356192K [0x0000000080000000, 0x00000000d2c80000, 0x00000000d5580000)
  object space 1356288K, 99% used [0x0000000080000000,0x00000000d2c68078,0x00000000d2c80000)
 Metaspace       used 93762K, committed 95936K, reserved 1179648K
  class space    used 9219K, committed 10368K, reserved 1048576K
}
Event: 15212.688 GC heap before
{Heap before GC invocations=5835 (full 8):
 PSYoungGen      total 4096K, used 3733K [0x00000000d5580000, 0x00000000d6300000, 0x0000000100000000)
  eden space 2048K, 99% used [0x00000000d5580000,0x00000000d577fff8,0x00000000d5780000)
  from space 2048K, 82% used [0x00000000d5780000,0x00000000d5925598,0x00000000d5980000)
  to   space 4608K, 0% used [0x00000000d5e80000,0x00000000d5e80000,0x00000000d6300000)
 ParOldGen       total 1388032K, used 1386912K [0x0000000080000000, 0x00000000d4b80000, 0x00000000d5580000)
  object space 1388032K, 99% used [0x0000000080000000,0x00000000d4a680a8,0x00000000d4b80000)
 Metaspace       used 93762K, committed 95936K, reserved 1179648K
  class space    used 9219K, committed 10368K, reserved 1048576K
}
Event: 15212.695 GC heap after
{Heap after GC invocations=5835 (full 8):
 PSYoungGen      total 3584K, used 560K [0x00000000d5580000, 0x00000000d5f80000, 0x0000000100000000)
  eden space 2560K, 0% used [0x00000000d5580000,0x00000000d5580000,0x00000000d5800000)
  from space 1024K, 54% used [0x00000000d5e80000,0x00000000d5f0c010,0x00000000d5f80000)
  to   space 1536K, 0% used [0x00000000d5c80000,0x00000000d5c80000,0x00000000d5e00000)
 ParOldGen       total 1388032K, used 1387632K [0x0000000080000000, 0x00000000d4b80000, 0x00000000d5580000)
  object space 1388032K, 99% used [0x0000000080000000,0x00000000d4b1c0a8,0x00000000d4b80000)
 Metaspace       used 93762K, committed 95936K, reserved 1179648K
  class space    used 9219K, committed 10368K, reserved 1048576K
}
Event: 15447.695 GC heap before
{Heap before GC invocations=5836 (full 8):
 PSYoungGen      total 3584K, used 3120K [0x00000000d5580000, 0x00000000d5f80000, 0x0000000100000000)
  eden space 2560K, 100% used [0x00000000d5580000,0x00000000d5800000,0x00000000d5800000)
  from space 1024K, 54% used [0x00000000d5e80000,0x00000000d5f0c010,0x00000000d5f80000)
  to   space 1536K, 0% used [0x00000000d5c80000,0x00000000d5c80000,0x00000000d5e00000)
 ParOldGen       total 1388032K, used 1387632K [0x0000000080000000, 0x00000000d4b80000, 0x00000000d5580000)
  object space 1388032K, 99% used [0x0000000080000000,0x00000000d4b1c0a8,0x00000000d4b80000)
 Metaspace       used 93763K, committed 95936K, reserved 1179648K
  class space    used 9219K, committed 10368K, reserved 1048576K
}
Event: 15448.036 GC heap after
{Heap after GC invocations=5836 (full 8):
 PSYoungGen      total 4096K, used 384K [0x00000000d5580000, 0x00000000d5f00000, 0x0000000100000000)
  eden space 2560K, 0% used [0x00000000d5580000,0x00000000d5580000,0x00000000d5800000)
  from space 1536K, 25% used [0x00000000d5c80000,0x00000000d5ce0000,0x00000000d5e00000)
  to   space 1024K, 0% used [0x00000000d5e00000,0x00000000d5e00000,0x00000000d5f00000)
 ParOldGen       total 1388032K, used 1387920K [0x0000000080000000, 0x00000000d4b80000, 0x00000000d5580000)
  object space 1388032K, 99% used [0x0000000080000000,0x00000000d4b640c8,0x00000000d4b80000)
 Metaspace       used 93763K, committed 95936K, reserved 1179648K
  class space    used 9219K, committed 10368K, reserved 1048576K
}
Event: 15448.920 GC heap before
{Heap before GC invocations=5837 (full 8):
 PSYoungGen      total 4096K, used 2944K [0x00000000d5580000, 0x00000000d5f00000, 0x0000000100000000)
  eden space 2560K, 100% used [0x00000000d5580000,0x00000000d5800000,0x00000000d5800000)
  from space 1536K, 25% used [0x00000000d5c80000,0x00000000d5ce0000,0x00000000d5e00000)
  to   space 1024K, 0% used [0x00000000d5e00000,0x00000000d5e00000,0x00000000d5f00000)
 ParOldGen       total 1388032K, used 1387920K [0x0000000080000000, 0x00000000d4b80000, 0x00000000d5580000)
  object space 1388032K, 99% used [0x0000000080000000,0x00000000d4b640c8,0x00000000d4b80000)
 Metaspace       used 93765K, committed 95936K, reserved 1179648K
  class space    used 9219K, committed 10368K, reserved 1048576K
}
Event: 15448.930 GC heap after
{Heap after GC invocations=5837 (full 8):
 PSYoungGen      total 3072K, used 496K [0x00000000d5580000, 0x00000000d5e80000, 0x0000000100000000)
  eden space 2560K, 0% used [0x00000000d5580000,0x00000000d5580000,0x00000000d5800000)
  from space 512K, 96% used [0x00000000d5e00000,0x00000000d5e7c010,0x00000000d5e80000)
  to   space 1024K, 0% used [0x00000000d5c80000,0x00000000d5c80000,0x00000000d5d80000)
 ParOldGen       total 1388032K, used 1388024K [0x0000000080000000, 0x00000000d4b80000, 0x00000000d5580000)
  object space 1388032K, 99% used [0x0000000080000000,0x00000000d4b7e0c8,0x00000000d4b80000)
 Metaspace       used 93765K, committed 95936K, reserved 1179648K
  class space    used 9219K, committed 10368K, reserved 1048576K
}

