# JRE version: Java(TM) SE Runtime Environment (19.0.2+7) (build 19.0.2+7-44)
# Java VM: Java HotSpot(TM) 64-Bit Server VM (19.0.2+7-44, mixed mode, sharing, tiered, compressed oops, compressed class ptrs, g1 gc, windows-amd64)
GC Precious Log:
 CardTable entry size: 512
 Card Set container configuration: InlinePtr #cards 5 size 8 Array Of Cards #cards 12 size 40 Howl #buckets 4 coarsen threshold 1843 Howl Bitmap #cards 512 size 80 coarsen threshold 460 Card regions per heap region 1 cards per card region 2048
 CPUs: 16 total, 16 available
 Memory: 7514M
 Large Page Support: Disabled
 NUMA Support: Disabled
 Compressed Oops: Enabled (32-bit)
 Heap Region Size: 1M
 Heap Min Capacity: 8M
 Heap Initial Capacity: 118M
 Heap Max Capacity: 1880M
 Pre-touch: Disabled
 Parallel Workers: 13
 Concurrent Workers: 3
 Concurrent Refinement Workers: 13
 Periodic GC: Disabled
Heap:
 garbage-first heap   total 138240K, used 81887K [0x000000008a800000, 0x0000000100000000)
  region size 1024K, 1 young (1024K), 1 survivors (1024K)
 Metaspace       used 35553K, committed 36288K, reserved 1114112K
  class space    used 3837K, committed 4224K, reserved 1048576K
GC Heap History (20 events):
Event: 6.983 GC heap after
{Heap after GC invocations=7 (full 0):
 garbage-first heap   total 112640K, used 37376K [0x000000008a800000, 0x0000000100000000)
  region size 1024K, 7 young (7168K), 7 survivors (7168K)
 Metaspace       used 29390K, committed 29824K, reserved 1114112K
  class space    used 3234K, committed 3456K, reserved 1048576K
}
Event: 6.993 GC heap before
{Heap before GC invocations=7 (full 0):
 garbage-first heap   total 112640K, used 38400K [0x000000008a800000, 0x0000000100000000)
  region size 1024K, 8 young (8192K), 7 survivors (7168K)
 Metaspace       used 29401K, committed 29824K, reserved 1114112K
  class space    used 3234K, committed 3456K, reserved 1048576K
}
Event: 7.002 GC heap after
{Heap after GC invocations=8 (full 0):
 garbage-first heap   total 135168K, used 37888K [0x000000008a800000, 0x0000000100000000)
  region size 1024K, 1 young (1024K), 1 survivors (1024K)
 Metaspace       used 29401K, committed 29824K, reserved 1114112K
  class space    used 3234K, committed 3456K, reserved 1048576K
}
Event: 8.052 GC heap before
{Heap before GC invocations=8 (full 0):
 garbage-first heap   total 135168K, used 96256K [0x000000008a800000, 0x0000000100000000)
  region size 1024K, 57 young (58368K), 1 survivors (1024K)
 Metaspace       used 31828K, committed 32384K, reserved 1114112K
  class space    used 3455K, committed 3712K, reserved 1048576K
}
Event: 8.059 GC heap after
{Heap after GC invocations=9 (full 0):
 garbage-first heap   total 135168K, used 42838K [0x000000008a800000, 0x0000000100000000)
  region size 1024K, 4 young (4096K), 4 survivors (4096K)
 Metaspace       used 31828K, committed 32384K, reserved 1114112K
  class space    used 3455K, committed 3712K, reserved 1048576K
}
Event: 9.160 GC heap before
{Heap before GC invocations=9 (full 0):
 garbage-first heap   total 135168K, used 97110K [0x000000008a800000, 0x0000000100000000)
  region size 1024K, 58 young (59392K), 4 survivors (4096K)
 Metaspace       used 33380K, committed 33856K, reserved 1114112K
  class space    used 3617K, committed 3840K, reserved 1048576K
}
Event: 9.167 GC heap after
{Heap after GC invocations=10 (full 0):
 garbage-first heap   total 135168K, used 43390K [0x000000008a800000, 0x0000000100000000)
  region size 1024K, 5 young (5120K), 5 survivors (5120K)
 Metaspace       used 33380K, committed 33856K, reserved 1114112K
  class space    used 3617K, committed 3840K, reserved 1048576K
}
Event: 10.040 GC heap before
{Heap before GC invocations=10 (full 0):
 garbage-first heap   total 135168K, used 76158K [0x000000008a800000, 0x0000000100000000)
  region size 1024K, 37 young (37888K), 5 survivors (5120K)
 Metaspace       used 35909K, committed 36480K, reserved 1114112K
  class space    used 3920K, committed 4224K, reserved 1048576K
}
Event: 10.049 GC heap after
{Heap after GC invocations=11 (full 0):
 garbage-first heap   total 135168K, used 43820K [0x000000008a800000, 0x0000000100000000)
  region size 1024K, 4 young (4096K), 4 survivors (4096K)
 Metaspace       used 35909K, committed 36480K, reserved 1114112K
  class space    used 3920K, committed 4224K, reserved 1048576K
}
Event: 11.821 GC heap before
{Heap before GC invocations=12 (full 0):
 garbage-first heap   total 135168K, used 121644K [0x000000008a800000, 0x0000000100000000)
  region size 1024K, 61 young (62464K), 4 survivors (4096K)
 Metaspace       used 36411K, committed 36992K, reserved 1114112K
  class space    used 3963K, committed 4288K, reserved 1048576K
}
Event: 11.831 GC heap after
{Heap after GC invocations=13 (full 0):
 garbage-first heap   total 135168K, used 48779K [0x000000008a800000, 0x0000000100000000)
  region size 1024K, 8 young (8192K), 8 survivors (8192K)
 Metaspace       used 36411K, committed 36992K, reserved 1114112K
  class space    used 3963K, committed 4288K, reserved 1048576K
}
Event: 11.840 GC heap before
{Heap before GC invocations=13 (full 0):
 garbage-first heap   total 135168K, used 49803K [0x000000008a800000, 0x0000000100000000)
  region size 1024K, 9 young (9216K), 8 survivors (8192K)
 Metaspace       used 36412K, committed 36992K, reserved 1114112K
  class space    used 3963K, committed 4288K, reserved 1048576K
}
Event: 11.849 GC heap after
{Heap after GC invocations=14 (full 0):
 garbage-first heap   total 135168K, used 47264K [0x000000008a800000, 0x0000000100000000)
  region size 1024K, 2 young (2048K), 2 survivors (2048K)
 Metaspace       used 36412K, committed 36992K, reserved 1114112K
  class space    used 3963K, committed 4288K, reserved 1048576K
}
Event: 13.269 GC heap before
{Heap before GC invocations=14 (full 0):
 garbage-first heap   total 135168K, used 105632K [0x000000008a800000, 0x0000000100000000)
  region size 1024K, 55 young (56320K), 2 survivors (2048K)
 Metaspace       used 36781K, committed 37376K, reserved 1114112K
  class space    used 3987K, committed 4288K, reserved 1048576K
}
Event: 13.279 GC heap after
{Heap after GC invocations=15 (full 0):
 garbage-first heap   total 135168K, used 57146K [0x000000008a800000, 0x0000000100000000)
  region size 1024K, 7 young (7168K), 7 survivors (7168K)
 Metaspace       used 36781K, committed 37376K, reserved 1114112K
  class space    used 3987K, committed 4288K, reserved 1048576K
}
Event: 14.000 GC heap before
{Heap before GC invocations=15 (full 0):
 garbage-first heap   total 135168K, used 108346K [0x000000008a800000, 0x0000000100000000)
  region size 1024K, 52 young (53248K), 7 survivors (7168K)
 Metaspace       used 36910K, committed 37504K, reserved 1114112K
  class space    used 3989K, committed 4288K, reserved 1048576K
}
Event: 14.016 GC heap after
{Heap after GC invocations=16 (full 0):
 garbage-first heap   total 135168K, used 76800K [0x000000008a800000, 0x0000000100000000)
  region size 1024K, 7 young (7168K), 7 survivors (7168K)
 Metaspace       used 36910K, committed 37504K, reserved 1114112K
  class space    used 3989K, committed 4288K, reserved 1048576K
}
Event: 14.874 GC heap before
{Heap before GC invocations=16 (full 0):
 garbage-first heap   total 135168K, used 103424K [0x000000008a800000, 0x0000000100000000)
  region size 1024K, 34 young (34816K), 7 survivors (7168K)
 Metaspace       used 37547K, committed 38208K, reserved 1114112K
  class space    used 4069K, committed 4352K, reserved 1048576K
}
Event: 14.884 GC heap after
{Heap after GC invocations=17 (full 0):
 garbage-first heap   total 135168K, used 81408K [0x000000008a800000, 0x0000000100000000)
  region size 1024K, 4 young (4096K), 4 survivors (4096K)
 Metaspace       used 37547K, committed 38208K, reserved 1114112K
  class space    used 4069K, committed 4352K, reserved 1048576K
}
Event: 15.535 GC heap before
{Heap before GC invocations=18 (full 0):
 garbage-first heap   total 138240K, used 107008K [0x000000008a800000, 0x0000000100000000)
  region size 1024K, 29 young (29696K), 4 survivors (4096K)
 Metaspace       used 35553K, committed 36288K, reserved 1114112K
  class space    used 3837K, committed 4224K, reserved 1048576K
}

