# JRE version: Java(TM) SE Runtime Environment (19.0.2+7) (build 19.0.2+7-44)
# Java VM: Java HotSpot(TM) 64-Bit Server VM (19.0.2+7-44, mixed mode, sharing, tiered, compressed oops, compressed class ptrs, g1 gc, windows-amd64)
GC Precious Log:
 CardTable entry size: 512
 Card Set container configuration: InlinePtr #cards 5 size 8 Array Of Cards #cards 12 size 40 Howl #buckets 4 coarsen threshold 1843 Howl Bitmap #cards 512 size 80 coarsen threshold 460 Card regions per heap region 1 cards per card region 2048
 CPUs: 16 total, 16 available
 Memory: 7514M
 Large Page Support: Disabled
 NUMA Support: Disabled
 Compressed Oops: Enabled (32-bit)
 Heap Region Size: 1M
 Heap Min Capacity: 8M
 Heap Initial Capacity: 118M
 Heap Max Capacity: 1880M
 Pre-touch: Disabled
 Parallel Workers: 13
 Concurrent Workers: 3
 Concurrent Refinement Workers: 13
 Periodic GC: Disabled
Heap:
 garbage-first heap   total 120832K, used 31454K [0x000000008a800000, 0x0000000100000000)
  region size 1024K, 3 young (3072K), 3 survivors (3072K)
 Metaspace       used 25425K, committed 25728K, reserved 1114112K
  class space    used 2767K, committed 2880K, reserved 1048576K
GC Heap History (13 events):
Event: 0.875 GC heap before
{Heap before GC invocations=0 (full 0):
 garbage-first heap   total 120832K, used 23552K [0x000000008a800000, 0x0000000100000000)
  region size 1024K, 23 young (23552K), 0 survivors (0K)
 Metaspace       used 5630K, committed 5824K, reserved 1114112K
  class space    used 644K, committed 768K, reserved 1048576K
}
Event: 0.882 GC heap after
{Heap after GC invocations=1 (full 0):
 garbage-first heap   total 120832K, used 3660K [0x000000008a800000, 0x0000000100000000)
  region size 1024K, 3 young (3072K), 3 survivors (3072K)
 Metaspace       used 5630K, committed 5824K, reserved 1114112K
  class space    used 644K, committed 768K, reserved 1048576K
}
Event: 1.608 GC heap before
{Heap before GC invocations=1 (full 0):
 garbage-first heap   total 120832K, used 35404K [0x000000008a800000, 0x0000000100000000)
  region size 1024K, 34 young (34816K), 3 survivors (3072K)
 Metaspace       used 9942K, committed 10176K, reserved 1114112K
  class space    used 1156K, committed 1280K, reserved 1048576K
}
Event: 1.616 GC heap after
{Heap after GC invocations=2 (full 0):
 garbage-first heap   total 120832K, used 5428K [0x000000008a800000, 0x0000000100000000)
  region size 1024K, 2 young (2048K), 2 survivors (2048K)
 Metaspace       used 9942K, committed 10176K, reserved 1114112K
  class space    used 1156K, committed 1280K, reserved 1048576K
}
Event: 3.204 GC heap before
{Heap before GC invocations=2 (full 0):
 garbage-first heap   total 120832K, used 75060K [0x000000008a800000, 0x0000000100000000)
  region size 1024K, 70 young (71680K), 2 survivors (2048K)
 Metaspace       used 15735K, committed 15936K, reserved 1114112K
  class space    used 1769K, committed 1856K, reserved 1048576K
}
Event: 3.228 GC heap after
{Heap after GC invocations=3 (full 0):
 garbage-first heap   total 120832K, used 15932K [0x000000008a800000, 0x0000000100000000)
  region size 1024K, 9 young (9216K), 9 survivors (9216K)
 Metaspace       used 15735K, committed 15936K, reserved 1114112K
  class space    used 1769K, committed 1856K, reserved 1048576K
}
Event: 4.487 GC heap before
{Heap before GC invocations=3 (full 0):
 garbage-first heap   total 120832K, used 62012K [0x000000008a800000, 0x0000000100000000)
  region size 1024K, 55 young (56320K), 9 survivors (9216K)
 Metaspace       used 21287K, committed 21504K, reserved 1114112K
  class space    used 2373K, committed 2496K, reserved 1048576K
}
Event: 4.510 GC heap after
{Heap after GC invocations=4 (full 0):
 garbage-first heap   total 120832K, used 23040K [0x000000008a800000, 0x0000000100000000)
  region size 1024K, 8 young (8192K), 8 survivors (8192K)
 Metaspace       used 21287K, committed 21504K, reserved 1114112K
  class space    used 2373K, committed 2496K, reserved 1048576K
}
Event: 9.131 GC heap before
{Heap before GC invocations=5 (full 0):
 garbage-first heap   total 81920K, used 62976K [0x000000008a800000, 0x0000000100000000)
  region size 1024K, 48 young (49152K), 8 survivors (8192K)
 Metaspace       used 24872K, committed 25152K, reserved 1114112K
  class space    used 2740K, committed 2880K, reserved 1048576K
}
Event: 9.148 GC heap after
{Heap after GC invocations=6 (full 0):
 garbage-first heap   total 81920K, used 28672K [0x000000008a800000, 0x0000000100000000)
  region size 1024K, 6 young (6144K), 6 survivors (6144K)
 Metaspace       used 24872K, committed 25152K, reserved 1114112K
  class space    used 2740K, committed 2880K, reserved 1048576K
}
Event: 9.151 GC heap before
{Heap before GC invocations=6 (full 0):
 garbage-first heap   total 81920K, used 29696K [0x000000008a800000, 0x0000000100000000)
  region size 1024K, 7 young (7168K), 6 survivors (6144K)
 Metaspace       used 24872K, committed 25152K, reserved 1114112K
  class space    used 2740K, committed 2880K, reserved 1048576K
}
Event: 9.160 GC heap after
{Heap after GC invocations=7 (full 0):
 garbage-first heap   total 81920K, used 29696K [0x000000008a800000, 0x0000000100000000)
  region size 1024K, 1 young (1024K), 1 survivors (1024K)
 Metaspace       used 24872K, committed 25152K, reserved 1114112K
  class space    used 2740K, committed 2880K, reserved 1048576K
}
Event: 10.679 GC heap before
{Heap before GC invocations=7 (full 0):
 garbage-first heap   total 81920K, used 60416K [0x000000008a800000, 0x0000000100000000)
  region size 1024K, 31 young (31744K), 1 survivors (1024K)
 Metaspace       used 25425K, committed 25728K, reserved 1114112K
  class space    used 2767K, committed 2880K, reserved 1048576K
}

