# JRE version: Java(TM) SE Runtime Environment (19.0.2+7) (build 19.0.2+7-44)
# Java VM: Java HotSpot(TM) 64-Bit Server VM (19.0.2+7-44, mixed mode, sharing, tiered, compressed oops, compressed class ptrs, g1 gc, windows-amd64)
GC Precious Log:
 CardTable entry size: 512
 Card Set container configuration: InlinePtr #cards 5 size 8 Array Of Cards #cards 12 size 40 Howl #buckets 4 coarsen threshold 1843 Howl Bitmap #cards 512 size 80 coarsen threshold 460 Card regions per heap region 1 cards per card region 2048
 CPUs: 16 total, 16 available
 Memory: 7514M
 Large Page Support: Disabled
 NUMA Support: Disabled
 Compressed Oops: Enabled (32-bit)
 Heap Region Size: 1M
 Heap Min Capacity: 8M
 Heap Initial Capacity: 118M
 Heap Max Capacity: 1880M
 Pre-touch: Disabled
 Parallel Workers: 13
 Concurrent Workers: 3
 Concurrent Refinement Workers: 13
 Periodic GC: Disabled
Heap:
 garbage-first heap   total 112640K, used 71680K [0x000000008a800000, 0x0000000100000000)
  region size 1024K, 36 young (36864K), 1 survivors (1024K)
 Metaspace       used 30707K, committed 31168K, reserved 1114112K
  class space    used 3358K, committed 3584K, reserved 1048576K
GC Heap History (14 events):
Event: 0.938 GC heap before
{Heap before GC invocations=0 (full 0):
 garbage-first heap   total 120832K, used 23552K [0x000000008a800000, 0x0000000100000000)
  region size 1024K, 23 young (23552K), 0 survivors (0K)
 Metaspace       used 5686K, committed 5888K, reserved 1114112K
  class space    used 649K, committed 768K, reserved 1048576K
}
Event: 0.950 GC heap after
{Heap after GC invocations=1 (full 0):
 garbage-first heap   total 120832K, used 3704K [0x000000008a800000, 0x0000000100000000)
  region size 1024K, 3 young (3072K), 3 survivors (3072K)
 Metaspace       used 5686K, committed 5888K, reserved 1114112K
  class space    used 649K, committed 768K, reserved 1048576K
}
Event: 1.753 GC heap before
{Heap before GC invocations=1 (full 0):
 garbage-first heap   total 120832K, used 34424K [0x000000008a800000, 0x0000000100000000)
  region size 1024K, 33 young (33792K), 3 survivors (3072K)
 Metaspace       used 10019K, committed 10240K, reserved 1114112K
  class space    used 1162K, committed 1280K, reserved 1048576K
}
Event: 1.765 GC heap after
{Heap after GC invocations=2 (full 0):
 garbage-first heap   total 120832K, used 5545K [0x000000008a800000, 0x0000000100000000)
  region size 1024K, 2 young (2048K), 2 survivors (2048K)
 Metaspace       used 10019K, committed 10240K, reserved 1114112K
  class space    used 1162K, committed 1280K, reserved 1048576K
}
Event: 4.202 GC heap before
{Heap before GC invocations=2 (full 0):
 garbage-first heap   total 120832K, used 75177K [0x000000008a800000, 0x0000000100000000)
  region size 1024K, 70 young (71680K), 2 survivors (2048K)
 Metaspace       used 15770K, committed 15936K, reserved 1114112K
  class space    used 1771K, committed 1856K, reserved 1048576K
}
Event: 4.229 GC heap after
{Heap after GC invocations=3 (full 0):
 garbage-first heap   total 120832K, used 15921K [0x000000008a800000, 0x0000000100000000)
  region size 1024K, 9 young (9216K), 9 survivors (9216K)
 Metaspace       used 15770K, committed 15936K, reserved 1114112K
  class space    used 1771K, committed 1856K, reserved 1048576K
}
Event: 6.936 GC heap before
{Heap before GC invocations=3 (full 0):
 garbage-first heap   total 120832K, used 73265K [0x000000008a800000, 0x0000000100000000)
  region size 1024K, 65 young (66560K), 9 survivors (9216K)
 Metaspace       used 17679K, committed 17984K, reserved 1114112K
  class space    used 1956K, committed 2112K, reserved 1048576K
}
Event: 6.966 GC heap after
{Heap after GC invocations=4 (full 0):
 garbage-first heap   total 120832K, used 22528K [0x000000008a800000, 0x0000000100000000)
  region size 1024K, 7 young (7168K), 7 survivors (7168K)
 Metaspace       used 17679K, committed 17984K, reserved 1114112K
  class space    used 1956K, committed 2112K, reserved 1048576K
}
Event: 9.142 GC heap before
{Heap before GC invocations=4 (full 0):
 garbage-first heap   total 120832K, used 62464K [0x000000008a800000, 0x0000000100000000)
  region size 1024K, 43 young (44032K), 7 survivors (7168K)
 Metaspace       used 21259K, committed 21504K, reserved 1114112K
  class space    used 2312K, committed 2432K, reserved 1048576K
}
Event: 9.158 GC heap after
{Heap after GC invocations=5 (full 0):
 garbage-first heap   total 145408K, used 31744K [0x000000008a800000, 0x0000000100000000)
  region size 1024K, 6 young (6144K), 6 survivors (6144K)
 Metaspace       used 21259K, committed 21504K, reserved 1114112K
  class space    used 2312K, committed 2432K, reserved 1048576K
}
Event: 11.127 GC heap before
{Heap before GC invocations=6 (full 0):
 garbage-first heap   total 112640K, used 92160K [0x000000008a800000, 0x0000000100000000)
  region size 1024K, 66 young (67584K), 6 survivors (6144K)
 Metaspace       used 29566K, committed 30016K, reserved 1114112K
  class space    used 3242K, committed 3456K, reserved 1048576K
}
Event: 11.145 GC heap after
{Heap after GC invocations=7 (full 0):
 garbage-first heap   total 112640K, used 37376K [0x000000008a800000, 0x0000000100000000)
  region size 1024K, 7 young (7168K), 7 survivors (7168K)
 Metaspace       used 29566K, committed 30016K, reserved 1114112K
  class space    used 3242K, committed 3456K, reserved 1048576K
}
Event: 11.156 GC heap before
{Heap before GC invocations=7 (full 0):
 garbage-first heap   total 112640K, used 38400K [0x000000008a800000, 0x0000000100000000)
  region size 1024K, 8 young (8192K), 7 survivors (7168K)
 Metaspace       used 29590K, committed 30080K, reserved 1114112K
  class space    used 3243K, committed 3456K, reserved 1048576K
}
Event: 11.164 GC heap after
{Heap after GC invocations=8 (full 0):
 garbage-first heap   total 112640K, used 37888K [0x000000008a800000, 0x0000000100000000)
  region size 1024K, 1 young (1024K), 1 survivors (1024K)
 Metaspace       used 29590K, committed 30080K, reserved 1114112K
  class space    used 3243K, committed 3456K, reserved 1048576K
}

