# JRE version: Java(TM) SE Runtime Environment (19.0.2+7) (build 19.0.2+7-44)
# Java VM: Java HotSpot(TM) 64-Bit Server VM (19.0.2+7-44, mixed mode, sharing, tiered, compressed oops, compressed class ptrs, g1 gc, windows-amd64)
GC Precious Log:
 CardTable entry size: 512
 Card Set container configuration: InlinePtr #cards 5 size 8 Array Of Cards #cards 12 size 40 Howl #buckets 4 coarsen threshold 1843 Howl Bitmap #cards 512 size 80 coarsen threshold 460 Card regions per heap region 1 cards per card region 2048
 CPUs: 16 total, 16 available
 Memory: 7514M
 Large Page Support: Disabled
 NUMA Support: Disabled
 Compressed Oops: Enabled (32-bit)
 Heap Region Size: 1M
 Heap Min Capacity: 8M
 Heap Initial Capacity: 118M
 Heap Max Capacity: 1880M
 Pre-touch: Disabled
 Parallel Workers: 13
 Concurrent Workers: 3
 Concurrent Refinement Workers: 13
 Periodic GC: Disabled
Heap:
 garbage-first heap   total 120832K, used 77468K [0x000000008a800000, 0x0000000100000000)
  region size 1024K, 64 young (65536K), 7 survivors (7168K)
 Metaspace       used 18686K, committed 18944K, reserved 1114112K
  class space    used 2008K, committed 2112K, reserved 1048576K
GC Heap History (8 events):
Event: 2.072 GC heap before
{Heap before GC invocations=0 (full 0):
 garbage-first heap   total 120832K, used 22528K [0x000000008a800000, 0x0000000100000000)
  region size 1024K, 23 young (23552K), 0 survivors (0K)
 Metaspace       used 5620K, committed 5824K, reserved 1114112K
  class space    used 642K, committed 768K, reserved 1048576K
}
Event: 2.101 GC heap after
{Heap after GC invocations=1 (full 0):
 garbage-first heap   total 120832K, used 3696K [0x000000008a800000, 0x0000000100000000)
  region size 1024K, 3 young (3072K), 3 survivors (3072K)
 Metaspace       used 5620K, committed 5824K, reserved 1114112K
  class space    used 642K, committed 768K, reserved 1048576K
}
Event: 3.129 GC heap before
{Heap before GC invocations=1 (full 0):
 garbage-first heap   total 120832K, used 33392K [0x000000008a800000, 0x0000000100000000)
  region size 1024K, 32 young (32768K), 3 survivors (3072K)
 Metaspace       used 9530K, committed 9728K, reserved 1114112K
  class space    used 1103K, committed 1216K, reserved 1048576K
}
Event: 3.138 GC heap after
{Heap after GC invocations=2 (full 0):
 garbage-first heap   total 120832K, used 5437K [0x000000008a800000, 0x0000000100000000)
  region size 1024K, 2 young (2048K), 2 survivors (2048K)
 Metaspace       used 9530K, committed 9728K, reserved 1114112K
  class space    used 1103K, committed 1216K, reserved 1048576K
}
Event: 6.351 GC heap before
{Heap before GC invocations=2 (full 0):
 garbage-first heap   total 120832K, used 75069K [0x000000008a800000, 0x0000000100000000)
  region size 1024K, 70 young (71680K), 2 survivors (2048K)
 Metaspace       used 16137K, committed 16320K, reserved 1114112K
  class space    used 1827K, committed 1920K, reserved 1048576K
}
Event: 6.384 GC heap after
{Heap after GC invocations=3 (full 0):
 garbage-first heap   total 120832K, used 13501K [0x000000008a800000, 0x0000000100000000)
  region size 1024K, 9 young (9216K), 9 survivors (9216K)
 Metaspace       used 16137K, committed 16320K, reserved 1114112K
  class space    used 1827K, committed 1920K, reserved 1048576K
}
Event: 7.953 GC heap before
{Heap before GC invocations=3 (full 0):
 garbage-first heap   total 120832K, used 75965K [0x000000008a800000, 0x0000000100000000)
  region size 1024K, 70 young (71680K), 9 survivors (9216K)
 Metaspace       used 16808K, committed 17088K, reserved 1114112K
  class space    used 1835K, committed 1920K, reserved 1048576K
}
Event: 7.979 GC heap after
{Heap after GC invocations=4 (full 0):
 garbage-first heap   total 120832K, used 20124K [0x000000008a800000, 0x0000000100000000)
  region size 1024K, 7 young (7168K), 7 survivors (7168K)
 Metaspace       used 16808K, committed 17088K, reserved 1114112K
  class space    used 1835K, committed 1920K, reserved 1048576K
}

